<?xml version="1.0" encoding="UTF-8"?>
<!-- Generated by org.testng.reporters.JUnitXMLReporter -->
<testsuite hostname="DESKTOP-L47DOCI" ignored="0" name="ecommerce" tests="5" failures="0" timestamp="2020-06-16T22:34:13 GMT-11:00" time="157.33" errors="0">
  <testcase name="LoginTest" time="3.455" classname="dia.qa.ecom.testcases.LoginPageTest"/>
  <testcase name="addtocartTest" time="7.063" classname="dia.qa.ecom.testcases.HomePageTest"/>
  <testcase name="ValidateQtyPrice" time="7.985" classname="dia.qa.ecom.testcases.HomePageTest"/>
  <testcase name="validatelogo" time="0.111" classname="dia.qa.ecom.testcases.HomePageTest"/>
  <testcase name="AddFeaturedCollection" time="5.528" classname="dia.qa.ecom.testcases.FeaturedCollectionTest"/>
</testsuite> <!-- ecommerce -->
