<?xml version="1.0" encoding="UTF-8"?>
<!-- Generated by org.testng.reporters.JUnitXMLReporter -->
<testsuite hostname="DESKTOP-L47DOCI" ignored="0" name="Default test" tests="3" failures="0" timestamp="2020-06-16T22:29:59 GMT-11:00" time="122.191" errors="0">
  <testcase name="addtocartTest" time="8.294" classname="dia.qa.ecom.testcases.HomePageTest"/>
  <testcase name="ValidateQtyPrice" time="9.651" classname="dia.qa.ecom.testcases.HomePageTest"/>
  <testcase name="validatelogo" time="0.123" classname="dia.qa.ecom.testcases.HomePageTest"/>
</testsuite> <!-- Default test -->
