<?xml version="1.0" encoding="UTF-8"?>
<testng-results skipped="0" failed="0" ignored="0" total="5" passed="5">
  <reporter-output>
  </reporter-output>
  <suite name="Diatoz ecommerce application" duration-ms="157330" started-at="2020-06-16T22:31:36 GMT-11:00" finished-at="2020-06-16T22:34:13 GMT-11:00">
    <groups>
    </groups>
    <test name="ecommerce" duration-ms="157330" started-at="2020-06-16T22:31:36 GMT-11:00" finished-at="2020-06-16T22:34:13 GMT-11:00">
      <class name="dia.qa.ecom.testcases.FeaturedCollectionTest">
        <test-method status="PASS" signature="setup()[pri:0, instance:dia.qa.ecom.testcases.FeaturedCollectionTest@184f6be2]" name="setup" is-config="true" duration-ms="13489" started-at="2020-06-16T22:33:47 GMT-11:00" finished-at="2020-06-16T22:34:01 GMT-11:00">
          <reporter-output>
          </reporter-output>
        </test-method> <!-- setup -->
        <test-method status="PASS" signature="AddFeaturedCollection()[pri:0, instance:dia.qa.ecom.testcases.FeaturedCollectionTest@184f6be2]" name="AddFeaturedCollection" duration-ms="5528" started-at="2020-06-16T22:34:01 GMT-11:00" finished-at="2020-06-16T22:34:06 GMT-11:00">
          <reporter-output>
          </reporter-output>
        </test-method> <!-- AddFeaturedCollection -->
        <test-method status="PASS" signature="teardown()[pri:0, instance:dia.qa.ecom.testcases.FeaturedCollectionTest@184f6be2]" name="teardown" is-config="true" duration-ms="7112" started-at="2020-06-16T22:34:06 GMT-11:00" finished-at="2020-06-16T22:34:13 GMT-11:00">
          <reporter-output>
          </reporter-output>
        </test-method> <!-- teardown -->
      </class> <!-- dia.qa.ecom.testcases.FeaturedCollectionTest -->
      <class name="dia.qa.ecom.testcases.HomePageTest">
        <test-method status="PASS" signature="setup()[pri:0, instance:dia.qa.ecom.testcases.HomePageTest@6895a785]" name="setup" is-config="true" duration-ms="15583" started-at="2020-06-16T22:32:28 GMT-11:00" finished-at="2020-06-16T22:32:44 GMT-11:00">
          <reporter-output>
          </reporter-output>
        </test-method> <!-- setup -->
        <test-method status="PASS" signature="addtocartTest()[pri:1, instance:dia.qa.ecom.testcases.HomePageTest@6895a785]" name="addtocartTest" duration-ms="7063" started-at="2020-06-16T22:32:44 GMT-11:00" finished-at="2020-06-16T22:32:51 GMT-11:00">
          <reporter-output>
          </reporter-output>
        </test-method> <!-- addtocartTest -->
        <test-method status="PASS" signature="teardown()[pri:0, instance:dia.qa.ecom.testcases.HomePageTest@6895a785]" name="teardown" is-config="true" duration-ms="7638" started-at="2020-06-16T22:32:51 GMT-11:00" finished-at="2020-06-16T22:32:58 GMT-11:00">
          <reporter-output>
          </reporter-output>
        </test-method> <!-- teardown -->
        <test-method status="PASS" signature="setup()[pri:0, instance:dia.qa.ecom.testcases.HomePageTest@6895a785]" name="setup" is-config="true" duration-ms="14002" started-at="2020-06-16T22:32:58 GMT-11:00" finished-at="2020-06-16T22:33:12 GMT-11:00">
          <reporter-output>
          </reporter-output>
        </test-method> <!-- setup -->
        <test-method status="PASS" signature="ValidateQtyPrice()[pri:2, instance:dia.qa.ecom.testcases.HomePageTest@6895a785]" name="ValidateQtyPrice" duration-ms="7985" started-at="2020-06-16T22:33:12 GMT-11:00" finished-at="2020-06-16T22:33:20 GMT-11:00">
          <reporter-output>
          </reporter-output>
        </test-method> <!-- ValidateQtyPrice -->
        <test-method status="PASS" signature="teardown()[pri:0, instance:dia.qa.ecom.testcases.HomePageTest@6895a785]" name="teardown" is-config="true" duration-ms="5896" started-at="2020-06-16T22:33:20 GMT-11:00" finished-at="2020-06-16T22:33:26 GMT-11:00">
          <reporter-output>
          </reporter-output>
        </test-method> <!-- teardown -->
        <test-method status="PASS" signature="setup()[pri:0, instance:dia.qa.ecom.testcases.HomePageTest@6895a785]" name="setup" is-config="true" duration-ms="13770" started-at="2020-06-16T22:33:26 GMT-11:00" finished-at="2020-06-16T22:33:40 GMT-11:00">
          <reporter-output>
          </reporter-output>
        </test-method> <!-- setup -->
        <test-method status="PASS" signature="validatelogo()[pri:3, instance:dia.qa.ecom.testcases.HomePageTest@6895a785]" name="validatelogo" duration-ms="111" started-at="2020-06-16T22:33:40 GMT-11:00" finished-at="2020-06-16T22:33:40 GMT-11:00">
          <reporter-output>
          </reporter-output>
        </test-method> <!-- validatelogo -->
        <test-method status="PASS" signature="teardown()[pri:0, instance:dia.qa.ecom.testcases.HomePageTest@6895a785]" name="teardown" is-config="true" duration-ms="6880" started-at="2020-06-16T22:33:40 GMT-11:00" finished-at="2020-06-16T22:33:47 GMT-11:00">
          <reporter-output>
          </reporter-output>
        </test-method> <!-- teardown -->
      </class> <!-- dia.qa.ecom.testcases.HomePageTest -->
      <class name="dia.qa.ecom.testcases.LoginPageTest">
        <test-method status="PASS" signature="setup()[pri:0, instance:dia.qa.ecom.testcases.LoginPageTest@48503868]" name="setup" is-config="true" duration-ms="27162" started-at="2020-06-16T22:31:36 GMT-11:00" finished-at="2020-06-16T22:32:03 GMT-11:00">
          <reporter-output>
          </reporter-output>
        </test-method> <!-- setup -->
        <test-method status="PASS" signature="LoginTest()[pri:0, instance:dia.qa.ecom.testcases.LoginPageTest@48503868]" name="LoginTest" duration-ms="3455" started-at="2020-06-16T22:32:03 GMT-11:00" finished-at="2020-06-16T22:32:07 GMT-11:00">
          <reporter-output>
          </reporter-output>
        </test-method> <!-- LoginTest -->
        <test-method status="PASS" signature="teardown()[pri:0, instance:dia.qa.ecom.testcases.LoginPageTest@48503868]" name="teardown" is-config="true" duration-ms="21569" started-at="2020-06-16T22:32:07 GMT-11:00" finished-at="2020-06-16T22:32:28 GMT-11:00">
          <reporter-output>
          </reporter-output>
        </test-method> <!-- teardown -->
      </class> <!-- dia.qa.ecom.testcases.LoginPageTest -->
    </test> <!-- ecommerce -->
  </suite> <!-- Diatoz ecommerce application -->
</testng-results>
